(---------------------------------------------------------------------)
(                                                                     )
(    Allegro Netrev Import Logic                                      )
(                                                                     )
(    Drawing          : imx6 rex_v1i1.brd                             )
(    Software Version : 22.1S002                                      )
(    Date/Time        : Sun Mar  5 16:17:03 2023                      )
(                                                                     )
(---------------------------------------------------------------------)


------ Directives ------------

Ripup etch:                  No
Ripup delete first segment:  No
Ripup retain bondwire:       No
Ripup symbols:               Always
Missing symbol has error:    No
DRC update:                  Yes
Schematic directory:         'd:\dev\out\allegro'
Design Directory:            'd:/dev/out/allegro'
Old design name:             'd:/dev/out/allegro/imx6 rex_v1i1.brd'
New design name:             'd:/dev/out/allegro/imx6 rex_v1i1.brd'

CmdLine: netrev -y 1 -i d:\dev\out\allegro -q netrev_constraint_report.xml d:/dev/out/allegro/#Taaaaag02980.tmp

------ Preparing to read pst files ------

Starting to read d:/dev/out/allegro/pstchip.dat 
   Finished reading d:/dev/out/allegro/pstchip.dat (00:00:00.06)
Starting to read d:/dev/out/allegro/pstxprt.dat 
   Finished reading d:/dev/out/allegro/pstxprt.dat (00:00:00.02)
Starting to read d:/dev/out/allegro/pstxnet.dat 
   Finished reading d:/dev/out/allegro/pstxnet.dat (00:00:00.01)

------ Oversights/Warnings/Errors ------


------ Library Paths ------
MODULEPATH =  . 
           D:/cadence/SPB_22.1/share/local/pcb/modules 

PSMPATH =  . 
           symbols 
           .. 
           ../symbols 
           D:/cadence/SPB_22.1/share/local/pcb/symbols 
           D:/cadence/SPB_22.1/share/pcb/pcb_lib/symbols 
           D:/cadence/SPB_22.1/share/pcb/allegrolib/symbols 
           D:/dev/cadence/lib 

PADPATH =  . 
           symbols 
           .. 
           ../symbols 
           D:/cadence/SPB_22.1/share/local/pcb/padstacks 
           D:/cadence/SPB_22.1/share/pcb/pcb_lib/symbols 
           D:/cadence/SPB_22.1/share/pcb/allegrolib/symbols 


------ Summary Statistics ------


netrev run on Mar 5 16:17:03 2023
   DESIGN NAME : 'IMX6 REX_V1I1'
   PACKAGING ON Feb  6 2023 08:01:56

   COMPILE 'logic'
   CHECK_PIN_NAMES OFF
   CROSS_REFERENCE OFF
   FEEDBACK OFF
   INCREMENTAL OFF
   INTERFACE_TYPE PHYSICAL
   MAX_ERRORS 500
   MERGE_MINIMUM 5
   NET_NAME_CHARS '#%&()*+-./:=>?@[]^_`|'
   NET_NAME_LENGTH 24
   OVERSIGHTS ON
   REPLACE_CHECK OFF
   SINGLE_NODE_NETS ON
   SPLIT_MINIMUM 0
   SUPPRESS   20
   WARNINGS ON

 No error detected
 No oversight detected
 No warning detected

cpu time      0:01:51
elapsed time  0:00:00

